  main_Proyecto.cpp
C:\Users\paulm\OneDrive\Escritorio\ProyectoFinal\escenarioSuperMario\ProyectoFinal_CG\main_Proyecto.cpp(825,24): warning C4244: 'inicializando': conversión de 'double' a 'GLfloat'; posible pérdida de datos
C:\Users\paulm\OneDrive\Escritorio\ProyectoFinal\escenarioSuperMario\ProyectoFinal_CG\main_Proyecto.cpp(869,21): warning C4244: '=': conversión de 'double' a 'T'; posible pérdida de datos
C:\Users\paulm\OneDrive\Escritorio\ProyectoFinal\escenarioSuperMario\ProyectoFinal_CG\main_Proyecto.cpp(869,21): warning C4244:         with
C:\Users\paulm\OneDrive\Escritorio\ProyectoFinal\escenarioSuperMario\ProyectoFinal_CG\main_Proyecto.cpp(869,21): warning C4244:         [
C:\Users\paulm\OneDrive\Escritorio\ProyectoFinal\escenarioSuperMario\ProyectoFinal_CG\main_Proyecto.cpp(869,21): warning C4244:             T=float
C:\Users\paulm\OneDrive\Escritorio\ProyectoFinal\escenarioSuperMario\ProyectoFinal_CG\main_Proyecto.cpp(869,21): warning C4244:         ]
C:\Users\paulm\OneDrive\Escritorio\ProyectoFinal\escenarioSuperMario\ProyectoFinal_CG\main_Proyecto.cpp(870,21): warning C4244: '=': conversión de 'double' a 'T'; posible pérdida de datos
C:\Users\paulm\OneDrive\Escritorio\ProyectoFinal\escenarioSuperMario\ProyectoFinal_CG\main_Proyecto.cpp(870,21): warning C4244:         with
C:\Users\paulm\OneDrive\Escritorio\ProyectoFinal\escenarioSuperMario\ProyectoFinal_CG\main_Proyecto.cpp(870,21): warning C4244:         [
C:\Users\paulm\OneDrive\Escritorio\ProyectoFinal\escenarioSuperMario\ProyectoFinal_CG\main_Proyecto.cpp(870,21): warning C4244:             T=float
C:\Users\paulm\OneDrive\Escritorio\ProyectoFinal\escenarioSuperMario\ProyectoFinal_CG\main_Proyecto.cpp(870,21): warning C4244:         ]
C:\Users\paulm\OneDrive\Escritorio\ProyectoFinal\escenarioSuperMario\ProyectoFinal_CG\main_Proyecto.cpp(871,21): warning C4244: '=': conversión de 'double' a 'T'; posible pérdida de datos
C:\Users\paulm\OneDrive\Escritorio\ProyectoFinal\escenarioSuperMario\ProyectoFinal_CG\main_Proyecto.cpp(871,21): warning C4244:         with
C:\Users\paulm\OneDrive\Escritorio\ProyectoFinal\escenarioSuperMario\ProyectoFinal_CG\main_Proyecto.cpp(871,21): warning C4244:         [
C:\Users\paulm\OneDrive\Escritorio\ProyectoFinal\escenarioSuperMario\ProyectoFinal_CG\main_Proyecto.cpp(871,21): warning C4244:             T=float
C:\Users\paulm\OneDrive\Escritorio\ProyectoFinal\escenarioSuperMario\ProyectoFinal_CG\main_Proyecto.cpp(871,21): warning C4244:         ]
C:\Users\paulm\OneDrive\Escritorio\ProyectoFinal\escenarioSuperMario\ProyectoFinal_CG\main_Proyecto.cpp(1890,11): warning C4244: '=': conversión de 'double' a 'GLfloat'; posible pérdida de datos
C:\Users\paulm\OneDrive\Escritorio\ProyectoFinal\escenarioSuperMario\ProyectoFinal_CG\main_Proyecto.cpp(1891,11): warning C4244: '=': conversión de 'double' a 'GLfloat'; posible pérdida de datos
C:\Users\paulm\OneDrive\Escritorio\ProyectoFinal\escenarioSuperMario\ProyectoFinal_CG\main_Proyecto.cpp(1895,18): warning C4244: 'inicializando': conversión de 'double' a 'GLfloat'; posible pérdida de datos
C:\Users\paulm\OneDrive\Escritorio\ProyectoFinal\escenarioSuperMario\ProyectoFinal_CG\main_Proyecto.cpp(1896,18): warning C4244: 'inicializando': conversión de 'double' a 'GLfloat'; posible pérdida de datos
C:\Users\paulm\OneDrive\Escritorio\ProyectoFinal\escenarioSuperMario\ProyectoFinal_CG\main_Proyecto.cpp(1898,10): warning C4244: '=': conversión de 'double' a 'GLfloat'; posible pérdida de datos
C:\Users\paulm\OneDrive\Escritorio\ProyectoFinal\escenarioSuperMario\ProyectoFinal_CG\main_Proyecto.cpp(1899,10): warning C4244: '=': conversión de 'double' a 'GLfloat'; posible pérdida de datos
soil2-debug.lib(SOIL2.obj) : warning LNK4075: se omite '/EDITANDCONTINUE' debido a la especificación '/OPT:ICF'
LINK : warning LNK4098: la biblioteca predeterminada'MSVCRTD' entra en conflicto con otras bibliotecas; use la biblioteca /NODEFAULTLIB:biblioteca
  Generando código
  7 of 656 functions ( 1.1%) were compiled, the rest were copied from previous compilation.
    0 functions were new in current compilation
    0 functions had inline decision re-evaluated but remain unchanged
  Generación de código finalizada
soil2-debug.lib(etc1_utils.obj) : warning LNK4099: no se encontró PDB '' con 'soil2-debug.lib(etc1_utils.obj)' o en ''; se vinculará el objeto sin tener en cuenta información de depuración
soil2-debug.lib(image_DXT.obj) : warning LNK4099: no se encontró PDB '' con 'soil2-debug.lib(image_DXT.obj)' o en ''; se vinculará el objeto sin tener en cuenta información de depuración
soil2-debug.lib(image_helper.obj) : warning LNK4099: no se encontró PDB 'soil2-debug.pdb' con 'soil2-debug.lib(image_helper.obj)' o en 'C:\Users\paulm\OneDrive\Escritorio\ProyectoFinal\escenarioSuperMario\Release\soil2-debug.pdb'; se vinculará el objeto sin tener en cuenta información de depuración
soil2-debug.lib(SOIL2.obj) : warning LNK4099: no se encontró PDB 'soil2-debug.pdb' con 'soil2-debug.lib(SOIL2.obj)' o en 'C:\Users\paulm\OneDrive\Escritorio\ProyectoFinal\escenarioSuperMario\Release\soil2-debug.pdb'; se vinculará el objeto sin tener en cuenta información de depuración
  ProyectoFinal_CG.vcxproj -> C:\Users\paulm\OneDrive\Escritorio\ProyectoFinal\escenarioSuperMario\Release\ProyectoFinal_CG.exe
