  fuentesDeLuzModelosIntegrados.cpp
D:\practCompu\pruebaIlumEscenario\pract3\pract3\fuentesDeLuzModelosIntegrados.cpp(722,24): warning C4244: 'inicializando': conversión de 'double' a 'GLfloat'; posible pérdida de datos
D:\practCompu\pruebaIlumEscenario\pract3\pract3\fuentesDeLuzModelosIntegrados.cpp(761,21): warning C4244: '=': conversión de 'double' a 'T'; posible pérdida de datos
D:\practCompu\pruebaIlumEscenario\pract3\pract3\fuentesDeLuzModelosIntegrados.cpp(761,21): warning C4244:         with
D:\practCompu\pruebaIlumEscenario\pract3\pract3\fuentesDeLuzModelosIntegrados.cpp(761,21): warning C4244:         [
D:\practCompu\pruebaIlumEscenario\pract3\pract3\fuentesDeLuzModelosIntegrados.cpp(761,21): warning C4244:             T=float
D:\practCompu\pruebaIlumEscenario\pract3\pract3\fuentesDeLuzModelosIntegrados.cpp(761,21): warning C4244:         ]
D:\practCompu\pruebaIlumEscenario\pract3\pract3\fuentesDeLuzModelosIntegrados.cpp(762,21): warning C4244: '=': conversión de 'double' a 'T'; posible pérdida de datos
D:\practCompu\pruebaIlumEscenario\pract3\pract3\fuentesDeLuzModelosIntegrados.cpp(762,21): warning C4244:         with
D:\practCompu\pruebaIlumEscenario\pract3\pract3\fuentesDeLuzModelosIntegrados.cpp(762,21): warning C4244:         [
D:\practCompu\pruebaIlumEscenario\pract3\pract3\fuentesDeLuzModelosIntegrados.cpp(762,21): warning C4244:             T=float
D:\practCompu\pruebaIlumEscenario\pract3\pract3\fuentesDeLuzModelosIntegrados.cpp(762,21): warning C4244:         ]
D:\practCompu\pruebaIlumEscenario\pract3\pract3\fuentesDeLuzModelosIntegrados.cpp(763,21): warning C4244: '=': conversión de 'double' a 'T'; posible pérdida de datos
D:\practCompu\pruebaIlumEscenario\pract3\pract3\fuentesDeLuzModelosIntegrados.cpp(763,21): warning C4244:         with
D:\practCompu\pruebaIlumEscenario\pract3\pract3\fuentesDeLuzModelosIntegrados.cpp(763,21): warning C4244:         [
D:\practCompu\pruebaIlumEscenario\pract3\pract3\fuentesDeLuzModelosIntegrados.cpp(763,21): warning C4244:             T=float
D:\practCompu\pruebaIlumEscenario\pract3\pract3\fuentesDeLuzModelosIntegrados.cpp(763,21): warning C4244:         ]
D:\practCompu\pruebaIlumEscenario\pract3\pract3\fuentesDeLuzModelosIntegrados.cpp(1535,11): warning C4244: '=': conversión de 'double' a 'GLfloat'; posible pérdida de datos
D:\practCompu\pruebaIlumEscenario\pract3\pract3\fuentesDeLuzModelosIntegrados.cpp(1536,11): warning C4244: '=': conversión de 'double' a 'GLfloat'; posible pérdida de datos
D:\practCompu\pruebaIlumEscenario\pract3\pract3\fuentesDeLuzModelosIntegrados.cpp(1540,18): warning C4244: 'inicializando': conversión de 'double' a 'GLfloat'; posible pérdida de datos
D:\practCompu\pruebaIlumEscenario\pract3\pract3\fuentesDeLuzModelosIntegrados.cpp(1541,18): warning C4244: 'inicializando': conversión de 'double' a 'GLfloat'; posible pérdida de datos
D:\practCompu\pruebaIlumEscenario\pract3\pract3\fuentesDeLuzModelosIntegrados.cpp(1543,10): warning C4244: '=': conversión de 'double' a 'GLfloat'; posible pérdida de datos
D:\practCompu\pruebaIlumEscenario\pract3\pract3\fuentesDeLuzModelosIntegrados.cpp(1544,10): warning C4244: '=': conversión de 'double' a 'GLfloat'; posible pérdida de datos
  pract3.vcxproj -> D:\practCompu\pruebaIlumEscenario\pract3\Debug\pract3.exe
